<?xml version="1.0" encoding="UTF-8"?>
<!-- Generated by org.testng.reporters.JUnitXMLReporter -->
<testsuite ignored="2" hostname="DESKTOP-JMB9U63" failures="0" tests="5" name="car Loan" time="0.068" errors="0" timestamp="2023-01-09T17:40:06 IST">
  <testcase classname="test.Day3" name="MobileLogincarLoan" time="0.007"/>
  <testcase classname="test.Day3" name="MobileSignOutincarLoan" time="0.003"/>
  <testcase classname="test.Day3" name="MobileSignOutincarLoan" time="0.001"/>
  <testcase classname="test.Day3" name="MobileSignOutincarLoan" time="0.001"/>
  <testcase classname="test.Day3" name="WebloginCarLoan" time="0.002"/>
  <testcase classname="test.Day3" name="APILogincarLoan" time="0.0">
    <ignored/>
  </testcase> <!-- APILogincarLoan -->
  <testcase classname="test.Day3" name="MobileSignInincarLoan" time="0.0">
    <ignored/>
  </testcase> <!-- MobileSignInincarLoan -->
</testsuite> <!-- car Loan -->
