<?xml version="1.0" encoding="UTF-8"?>
<!-- Generated by org.testng.reporters.JUnitXMLReporter -->
<testsuite ignored="3" hostname="DESKTOP-JMB9U63" failures="0" tests="8" name="Loan Regression" time="0.064" errors="0" timestamp="2023-01-09T16:02:53 IST">
  <testcase classname="test.Day1" name="Demo" time="0.006"/>
  <testcase classname="test.Day1" name="SecondTest" time="0.002"/>
  <testcase classname="test.Day3" name="LoginAPIcarLoan" time="0.001"/>
  <testcase classname="test.Day3" name="MobileSignInincarLoan" time="0.002"/>
  <testcase classname="test.Day3" name="MobileSignOutincarLoan" time="0.002"/>
  <testcase classname="test.Day3" name="WebloginCarLoan" time="0.002"/>
  <testcase classname="test.Day4" name="LoginAPIHomeLoan" time="0.001"/>
  <testcase classname="test.Day4" name="WebloginHomeLoan" time="0.001"/>
  <testcase classname="test.Day4" name="MobileLoginHomeLoan" time="0.0">
    <ignored/>
  </testcase> <!-- MobileLoginHomeLoan -->
  <testcase classname="test.Day2" name="ploan" time="0.0">
    <ignored/>
  </testcase> <!-- ploan -->
  <testcase classname="test.Day3" name="MobileLogincarLoan" time="0.0">
    <ignored/>
  </testcase> <!-- MobileLogincarLoan -->
</testsuite> <!-- Loan Regression -->
